<?xml version="1.0" encoding="UTF-8"?>
<coverage generated="1788166971320" clover="3.2.0">
  <project timestamp="1788166971320" name="All files">
    <metrics statements="13" coveredstatements="13" conditionals="12" coveredconditionals="12" methods="8" coveredmethods="8" elements="33" coveredelements="33" complexity="0" loc="13" ncloc="13" packages="1" files="1" classes="1"/>
    <file name="AppUtils.ts" path="C:\SAPDevelop\GitHub.ash\react-commons\src\lib\components\app\AppUtils.ts">
      <metrics statements="13" coveredstatements="13" conditionals="12" coveredconditionals="12" methods="8" coveredmethods="8"/>
      <line num="5" count="9" type="stmt"/>
      <line num="9" count="20" type="cond" truecount="2" falsecount="0"/>
      <line num="15" count="20" type="stmt"/>
      <line num="26" count="20" type="stmt"/>
      <line num="27" count="20" type="cond" truecount="2" falsecount="0"/>
      <line num="28" count="20" type="stmt"/>
      <line num="29" count="11" type="stmt"/>
      <line num="31" count="20" type="stmt"/>
      <line num="33" count="20" type="stmt"/>
      <line num="37" count="11" type="cond" truecount="2" falsecount="0"/>
      <line num="41" count="2" type="stmt"/>
      <line num="42" count="2" type="cond" truecount="2" falsecount="0"/>
      <line num="46" count="28" type="cond" truecount="2" falsecount="0"/>
    </file>
  </project>
</coverage>
