{"C:\\SAPDevelop\\GitHub.ash\\react-commons\\src\\lib\\components\\app\\AppUtils.ts": {"path":"C:\\SAPDevelop\\GitHub.ash\\react-commons\\src\\lib\\components\\app\\AppUtils.ts","statementMap":{"0":{"start":{"line":5,"column":2},"end":{"line":5,"column":36}},"1":{"start":{"line":9,"column":15},"end":{"line":13,"column":36}},"2":{"start":{"line":15,"column":30},"end":{"line":24,"column":3}},"3":{"start":{"line":26,"column":31},"end":{"line":26,"column":40}},"4":{"start":{"line":27,"column":19},"end":{"line":27,"column":35}},"5":{"start":{"line":28,"column":2},"end":{"line":30,"column":4}},"6":{"start":{"line":29,"column":4},"end":{"line":29,"column":67}},"7":{"start":{"line":31,"column":2},"end":{"line":31,"column":90}},"8":{"start":{"line":31,"column":40},"end":{"line":31,"column":89}},"9":{"start":{"line":33,"column":2},"end":{"line":33,"column":15}},"10":{"start":{"line":37,"column":2},"end":{"line":37,"column":72}},"11":{"start":{"line":41,"column":18},"end":{"line":41,"column":33}},"12":{"start":{"line":42,"column":2},"end":{"line":42,"column":60}},"13":{"start":{"line":46,"column":2},"end":{"line":46,"column":56}},"14":{"start":{"line":46,"column":30},"end":{"line":46,"column":47}}},"fnMap":{"0":{"name":"resolveApp","decl":{"start":{"line":4,"column":16},"end":{"line":4,"column":26}},"loc":{"start":{"line":4,"column":56},"end":{"line":6,"column":1}},"line":4},"1":{"name":"resolveNode","decl":{"start":{"line":8,"column":9},"end":{"line":8,"column":20}},"loc":{"start":{"line":8,"column":100},"end":{"line":34,"column":1}},"line":8},"2":{"name":"(anonymous_2)","decl":{"start":{"line":28,"column":19},"end":{"line":28,"column":20}},"loc":{"start":{"line":28,"column":28},"end":{"line":30,"column":3}},"line":28},"3":{"name":"(anonymous_3)","decl":{"start":{"line":31,"column":31},"end":{"line":31,"column":32}},"loc":{"start":{"line":31,"column":40},"end":{"line":31,"column":89}},"line":31},"4":{"name":"buildPath","decl":{"start":{"line":36,"column":9},"end":{"line":36,"column":18}},"loc":{"start":{"line":36,"column":64},"end":{"line":38,"column":1}},"line":36},"5":{"name":"getParent","decl":{"start":{"line":40,"column":16},"end":{"line":40,"column":25}},"loc":{"start":{"line":40,"column":66},"end":{"line":43,"column":1}},"line":40},"6":{"name":"findNodeDef","decl":{"start":{"line":45,"column":16},"end":{"line":45,"column":27}},"loc":{"start":{"line":45,"column":85},"end":{"line":47,"column":1}},"line":45},"7":{"name":"(anonymous_7)","decl":{"start":{"line":46,"column":23},"end":{"line":46,"column":24}},"loc":{"start":{"line":46,"column":30},"end":{"line":46,"column":47}},"line":46}},"branchMap":{"0":{"loc":{"start":{"line":9,"column":15},"end":{"line":13,"column":36}},"type":"cond-expr","locations":[{"start":{"line":10,"column":6},"end":{"line":10,"column":15}},{"start":{"line":11,"column":6},"end":{"line":13,"column":36}}],"line":9},"1":{"loc":{"start":{"line":11,"column":6},"end":{"line":13,"column":36}},"type":"cond-expr","locations":[{"start":{"line":12,"column":8},"end":{"line":12,"column":23}},{"start":{"line":13,"column":8},"end":{"line":13,"column":36}}],"line":11},"2":{"loc":{"start":{"line":27,"column":19},"end":{"line":27,"column":35}},"type":"binary-expr","locations":[{"start":{"line":27,"column":19},"end":{"line":27,"column":29}},{"start":{"line":27,"column":33},"end":{"line":27,"column":35}}],"line":27},"3":{"loc":{"start":{"line":37,"column":9},"end":{"line":37,"column":72}},"type":"cond-expr","locations":[{"start":{"line":37,"column":30},"end":{"line":37,"column":43}},{"start":{"line":37,"column":46},"end":{"line":37,"column":72}}],"line":37},"4":{"loc":{"start":{"line":42,"column":9},"end":{"line":42,"column":60}},"type":"cond-expr","locations":[{"start":{"line":42,"column":26},"end":{"line":42,"column":53}},{"start":{"line":42,"column":56},"end":{"line":42,"column":60}}],"line":42},"5":{"loc":{"start":{"line":46,"column":9},"end":{"line":46,"column":56}},"type":"binary-expr","locations":[{"start":{"line":46,"column":9},"end":{"line":46,"column":48}},{"start":{"line":46,"column":52},"end":{"line":46,"column":56}}],"line":46}},"s":{"0":9,"1":20,"2":20,"3":20,"4":20,"5":20,"6":11,"7":20,"8":11,"9":20,"10":11,"11":2,"12":2,"13":13,"14":28},"f":{"0":9,"1":20,"2":11,"3":11,"4":11,"5":2,"6":13,"7":28},"b":{"0":[9,11],"1":[8,3],"2":[20,11],"3":[8,3],"4":[1,1],"5":[13,1]},"_coverageSchema":"1a1c01bbd47fc00a2c39e90264f33305004495a9","hash":"ec581a3ca0f8406a341b6d6f0793e4c0190b5bb8"}
}
