TN:
SF:src\lib\components\app\AppUtils.ts
FN:4,resolveApp
FN:8,resolveNode
FN:28,(anonymous_2)
FN:31,(anonymous_3)
FN:36,buildPath
FN:40,getParent
FN:45,findNodeDef
FN:46,(anonymous_7)
FNF:8
FNH:8
FNDA:9,resolveApp
FNDA:20,resolveNode
FNDA:11,(anonymous_2)
FNDA:11,(anonymous_3)
FNDA:11,buildPath
FNDA:2,getParent
FNDA:13,findNodeDef
FNDA:28,(anonymous_7)
DA:5,9
DA:9,20
DA:15,20
DA:26,20
DA:27,20
DA:28,20
DA:29,11
DA:31,20
DA:33,20
DA:37,11
DA:41,2
DA:42,2
DA:46,28
LF:13
LH:13
BRDA:9,0,0,9
BRDA:9,0,1,11
BRDA:11,1,0,8
BRDA:11,1,1,3
BRDA:27,2,0,20
BRDA:27,2,1,11
BRDA:37,3,0,8
BRDA:37,3,1,3
BRDA:42,4,0,1
BRDA:42,4,1,1
BRDA:46,5,0,13
BRDA:46,5,1,1
BRF:12
BRH:12
end_of_record
